<?xml version="1.0" encoding="UTF-8"?>
<!-- Generated by org.testng.reporters.JUnitXMLReporter -->
<testsuite ignored="0" hostname="LAPTOP-2D27B82A" failures="2" tests="2" name="RegisterTest" time="48.806" errors="0" timestamp="2026-04-14T22:21:36 IST">
  <testcase classname="tests.RegisterTest" name="testFullFlow" time="18.149">
    <failure type="java.lang.AssertionError" message="Valid login failed">
      <![CDATA[java.lang.AssertionError: Valid login failed
at tests.RegisterTest.testFullFlow(RegisterTest.java:52)
at java.base/java.util.concurrent.Executors$RunnableAdapter.call(Executors.java:539)
at java.base/java.util.concurrent.FutureTask.run(FutureTask.java:264)
at java.base/java.util.concurrent.ThreadPoolExecutor.runWorker(ThreadPoolExecutor.java:1136)
at java.base/java.util.concurrent.ThreadPoolExecutor$Worker.run(ThreadPoolExecutor.java:635)
at java.base/java.lang.Thread.run(Thread.java:842)
... Removed 14 stack frames]]>
    </failure>
  </testcase> <!-- testFullFlow -->
  <testcase classname="tests.RegisterTest" name="testFullFlow" time="18.111">
    <failure type="java.lang.AssertionError" message="Valid login failed">
      <![CDATA[java.lang.AssertionError: Valid login failed
at tests.RegisterTest.testFullFlow(RegisterTest.java:52)
at java.base/java.util.concurrent.Executors$RunnableAdapter.call(Executors.java:539)
at java.base/java.util.concurrent.FutureTask.run(FutureTask.java:264)
at java.base/java.util.concurrent.ThreadPoolExecutor.runWorker(ThreadPoolExecutor.java:1136)
at java.base/java.util.concurrent.ThreadPoolExecutor$Worker.run(ThreadPoolExecutor.java:635)
at java.base/java.lang.Thread.run(Thread.java:842)
... Removed 14 stack frames]]>
    </failure>
  </testcase> <!-- testFullFlow -->
</testsuite> <!-- RegisterTest -->
