<?xml version="1.0" encoding="UTF-8"?>
<testng-results ignored="0" total="1" passed="1" failed="0" skipped="0">
  <reporter-output>
  </reporter-output>
  <suite started-at="2026-04-15T02:14:17 IST" name="AutomationSuite" finished-at="2026-04-15T02:14:59 IST" duration-ms="42536">
    <groups>
    </groups>
    <test started-at="2026-04-15T02:14:17 IST" name="Tests" finished-at="2026-04-15T02:14:59 IST" duration-ms="42536">
      <class name="tests.EndToEndTest">
        <test-method is-config="true" signature="setUp()[pri:0, instance:tests.EndToEndTest@508dec2b]" started-at="2026-04-15T02:14:17 IST" name="setUp" finished-at="2026-04-15T02:14:25 IST" duration-ms="8102" status="PASS">
          <reporter-output>
          </reporter-output>
        </test-method> <!-- setUp -->
        <test-method signature="testCompleteE2EFlow()[pri:0, instance:tests.EndToEndTest@508dec2b]" started-at="2026-04-15T02:14:25 IST" name="testCompleteE2EFlow" finished-at="2026-04-15T02:14:59 IST" duration-ms="33801" status="PASS">
          <reporter-output>
          </reporter-output>
        </test-method> <!-- testCompleteE2EFlow -->
        <test-method is-config="true" signature="tearDown()[pri:0, instance:tests.EndToEndTest@508dec2b]" started-at="2026-04-15T02:14:59 IST" name="tearDown" finished-at="2026-04-15T02:14:59 IST" duration-ms="516" status="PASS">
          <reporter-output>
          </reporter-output>
        </test-method> <!-- tearDown -->
      </class> <!-- tests.EndToEndTest -->
    </test> <!-- Tests -->
  </suite> <!-- AutomationSuite -->
</testng-results>
